Abaqus/Explicit 2021                             DATE 10-Dec-2024  TIME 12:20:19
-------------------------------------------------------------------------------
 PREPROCESSOR WARNING MESSAGES
-------------------------------------------------------------------------------


***WARNING: There are 1979 warning messages in the data (.dat) file.  Please
            check the data file for possible errors in the input file.


-------------------------------------------------------------------------------
           DOMAIN DECOMPOSITION INFORMATION
-------------------------------------------------------------------------------


     DOMAIN 1 HAS 12235 ELEMENTS AND 25324 NODES with WEIGHT 24.998

     DOMAIN 2 HAS 12151 ELEMENTS AND 24953 NODES with WEIGHT 25.002

     DOMAIN 3 HAS 12150 ELEMENTS AND 24923 NODES with WEIGHT 25.000

     DOMAIN 4 HAS 12150 ELEMENTS AND 25125 NODES with WEIGHT 25.000



***WARNING: Additional operations will be performed to resolve the irregular
            numbering in the Eulerian mesh


***WARNING: Additional operations will be performed to resolve the irregular
            numbering in the Eulerian mesh


***WARNING: Additional operations will be performed to resolve the irregular
            numbering in the Eulerian mesh


***WARNING: Additional operations will be performed to resolve the irregular
            numbering in the Eulerian mesh

-------------------------------------------------------------------------------
 MODEL INFORMATION (IN GLOBAL X-Y COORDINATES)
-------------------------------------------------------------------------------

   Total mass in model = 2.62034E-07
   Total capacitance in model = 0.86991
   Center of mass of model = ( 1.468083E+00, 3.875361E-01, 1.000000E-02)

    Moments of Inertia :
                 About Center of Mass              About Origin
      I(XX)          1.758372E-08                  5.696331E-08
      I(YY)          1.798819E-07                  7.446621E-07
      I(ZZ)          1.974132E-07                  8.015206E-07
      I(XY)         -3.336766E-08                 -1.824481E-07
      I(YZ)         -2.310222E-17                 -1.015477E-09
      I(ZX)         -5.631590E-17                 -3.846879E-09

-------------------------------------------------------------------------------
 STABLE TIME INCREMENT INFORMATION
-------------------------------------------------------------------------------


  The stable time increment estimate for each element is based on
  linearization about the initial state.


   Initial time increment = 1.82461E-08

   Statistics for all elements:
      Mean = 1.24369E+05
      Standard deviation = 1.91054E+05

   Most critical elements:
    Element number   Rank    Time increment   Increment ratio
    (Instance name)
   ----------------------------------------------------------
       11941          1       1.824608E-08      1.000000E+00
    EULERIAN-1
       11942          2       1.824608E-08      1.000000E+00
    EULERIAN-1
       11943          3       1.824608E-08      1.000000E+00
    EULERIAN-1
       11945          4       1.824608E-08      1.000000E+00
    EULERIAN-1
       11946          5       1.824608E-08      1.000000E+00
    EULERIAN-1
       11947          6       1.824608E-08      1.000000E+00
    EULERIAN-1
       11948          7       1.824608E-08      1.000000E+00
    EULERIAN-1
       11949          8       1.824608E-08      1.000000E+00
    EULERIAN-1
       11951          9       1.824608E-08      1.000000E+00
    EULERIAN-1
       11952         10       1.824608E-08      1.000000E+00
    EULERIAN-1


  Instance name for the most critical element will be printed if the critical
  element changes or at the beginning of a new page.


-------------------------------------------------------------------------------

  INFORMATION REGARDING INITIAL CONTACT OVERCLOSURES FOR NEWLY DEFINED GENERAL
  CONTACT INTERACTIONS IN STEP 1

-------------------------------------------------------------------------------

  No initial node-face overclosures found.


  No nodal position adjustments have been made.


  No unresolved initial node-face overclosures found.


Abaqus/Explicit 2021                             DATE 10-Dec-2024  TIME 12:20:38

The single precision Abaqus/Explicit executable will be used in this analysis.

The model has been decomposed into 4 domains.
Domain level parallelization will be used with 4 processors.

-------------------------------------------------------------------------------
 SOLUTION PROGRESS
-------------------------------------------------------------------------------

 STEP 1  ORIGIN 0.0000

  Total memory used for step 1 is approximately 257.0 megabytes.
  Element by element stable time estimation algorithm will be used.
  Scaling factor:  1.0000
  Variable mass scaling factor at zero increment: 1.0000
              STEP     TOTAL      WALL      STABLE    CRITICAL    KINETIC      TOTAL
INCREMENT     TIME      TIME      TIME   INCREMENT     ELEMENT     ENERGY     ENERGY
        0  0.000E+00 0.000E+00  00:00:09 8.164E-09         893  2.697E-03  1.740E+01
INSTANCE WITH CRITICAL ELEMENT: TOOL-1
Output Field Frame Number      0 of     50 requested intervals at increment zero.

***WARNING: THE ANALYSIS MAY NEED A LARGE NUMBER OF INCREMENTS (MORE THAN
            300000), AND IT MAY BE AFFECTED BY ROUND-OFF ERRORS. RUNNING THE
            DOUBLE PRECISION EXECUTABLE IS RECOMMENDED.

    14770  1.200E-04 1.200E-04  00:02:08 7.714E-09         893  2.439E-03  1.755E+01
INSTANCE WITH CRITICAL ELEMENT: TOOL-1
Output Field Frame Number      1 of     50 requested intervals at  1.200071E-04
    30287  2.400E-04 2.400E-04  00:04:34 7.656E-09         893  2.533E-03  1.771E+01
INSTANCE WITH CRITICAL ELEMENT: TOOL-1
Output Field Frame Number      2 of     50 requested intervals at  2.400034E-04
    46571  3.600E-04 3.600E-04  00:07:12 7.307E-09         893  2.678E-03  1.786E+01
INSTANCE WITH CRITICAL ELEMENT: TOOL-1
Output Field Frame Number      3 of     50 requested intervals at  3.600058E-04
    62959  4.800E-04 4.800E-04  00:09:53 7.337E-09         893  2.887E-03  1.801E+01
INSTANCE WITH CRITICAL ELEMENT: TOOL-1
Output Field Frame Number      4 of     50 requested intervals at  4.800002E-04
    79321  6.000E-04 6.000E-04  00:12:30 7.360E-09         893  2.933E-03  1.816E+01
INSTANCE WITH CRITICAL ELEMENT: TOOL-1
Output Field Frame Number      5 of     50 requested intervals at  6.000018E-04
    95577  7.200E-04 7.200E-04  00:15:06 7.373E-09         893  2.860E-03  1.832E+01
INSTANCE WITH CRITICAL ELEMENT: TOOL-1
Output Field Frame Number      6 of     50 requested intervals at  7.200037E-04
   111810  8.400E-04 8.400E-04  00:17:41 7.383E-09         893  2.804E-03  1.847E+01
INSTANCE WITH CRITICAL ELEMENT: TOOL-1
Output Field Frame Number      7 of     50 requested intervals at  8.400041E-04
   128043  9.600E-04 9.600E-04  00:20:18 7.391E-09         893  2.829E-03  1.862E+01
INSTANCE WITH CRITICAL ELEMENT: TOOL-1
Output Field Frame Number      8 of     50 requested intervals at  9.600045E-04
   144197  1.080E-03 1.080E-03  00:22:54 7.395E-09         893  2.917E-03  1.877E+01
INSTANCE WITH CRITICAL ELEMENT: TOOL-1
Output Field Frame Number      9 of     50 requested intervals at  1.080002E-03
   160303  1.200E-03 1.200E-03  00:25:30 7.419E-09         893  2.975E-03  1.893E+01
INSTANCE WITH CRITICAL ELEMENT: TOOL-1
Output Field Frame Number     10 of     50 requested intervals at  1.200001E-03
   176409  1.320E-03 1.320E-03  00:28:05 7.423E-09         893  2.973E-03  1.908E+01
INSTANCE WITH CRITICAL ELEMENT: TOOL-1
Output Field Frame Number     11 of     50 requested intervals at  1.320000E-03
   192565  1.440E-03 1.440E-03  00:30:40 7.158E-09         893  2.951E-03  1.923E+01
INSTANCE WITH CRITICAL ELEMENT: TOOL-1
Output Field Frame Number     12 of     50 requested intervals at  1.440006E-03
   212032  1.560E-03 1.560E-03  00:33:43 5.709E-09         893  2.981E-03  1.938E+01
INSTANCE WITH CRITICAL ELEMENT: TOOL-1
Output Field Frame Number     13 of     50 requested intervals at  1.560002E-03
   233069  1.680E-03 1.680E-03  00:37:04 5.725E-09         893  3.046E-03  1.953E+01
INSTANCE WITH CRITICAL ELEMENT: TOOL-1
Output Field Frame Number     14 of     50 requested intervals at  1.680004E-03
   254105  1.800E-03 1.800E-03  00:40:27 5.732E-09         893  3.052E-03  1.969E+01
INSTANCE WITH CRITICAL ELEMENT: TOOL-1
Output Field Frame Number     15 of     50 requested intervals at  1.800001E-03
   275454  1.920E-03 1.920E-03  00:43:46 5.574E-09         893  3.052E-03  1.984E+01
INSTANCE WITH CRITICAL ELEMENT: TOOL-1
Output Field Frame Number     16 of     50 requested intervals at  1.920005E-03
   296928  2.040E-03 2.040E-03  00:47:08 5.590E-09         893  3.082E-03  1.999E+01
INSTANCE WITH CRITICAL ELEMENT: TOOL-1
Output Field Frame Number     17 of     50 requested intervals at  2.040000E-03

***WARNING: THE ANALYSIS REACHED A LARGE NUMBER OF INCREMENTS (300000), AND IT
            MAY BE AFFECTED BY ROUND-OFF ERRORS. RUNNING THE DOUBLE PRECISION
            EXECUTABLE IS RECOMMENDED.

   318403  2.160E-03 2.160E-03  00:50:36 5.586E-09         893  3.122E-03  2.014E+01
INSTANCE WITH CRITICAL ELEMENT: TOOL-1
Output Field Frame Number     18 of     50 requested intervals at  2.160001E-03
   339878  2.280E-03 2.280E-03  00:53:59 5.599E-09         893  3.150E-03  2.030E+01
INSTANCE WITH CRITICAL ELEMENT: TOOL-1
Output Field Frame Number     19 of     50 requested intervals at  2.280002E-03
   361353  2.400E-03 2.400E-03  00:57:22 5.600E-09         893  3.152E-03  2.045E+01
INSTANCE WITH CRITICAL ELEMENT: TOOL-1
Output Field Frame Number     20 of     50 requested intervals at  2.400003E-03
   382828  2.520E-03 2.520E-03  01:00:45 5.603E-09         893  3.189E-03  2.060E+01
INSTANCE WITH CRITICAL ELEMENT: TOOL-1
Output Field Frame Number     21 of     50 requested intervals at  2.520004E-03
   404303  2.640E-03 2.640E-03  01:04:12 5.621E-09         893  3.228E-03  2.076E+01
INSTANCE WITH CRITICAL ELEMENT: TOOL-1
Output Field Frame Number     22 of     50 requested intervals at  2.640005E-03
   425777  2.760E-03 2.760E-03  01:07:37 5.606E-09         893  3.227E-03  2.091E+01
INSTANCE WITH CRITICAL ELEMENT: TOOL-1
Output Field Frame Number     23 of     50 requested intervals at  2.760000E-03
   447252  2.880E-03 2.880E-03  01:11:00 5.611E-09         893  3.249E-03  2.106E+01
INSTANCE WITH CRITICAL ELEMENT: TOOL-1
Output Field Frame Number     24 of     50 requested intervals at  2.880001E-03
   468727  3.000E-03 3.000E-03  01:14:26 5.630E-09         893  3.297E-03  2.122E+01
INSTANCE WITH CRITICAL ELEMENT: TOOL-1
Output Field Frame Number     25 of     50 requested intervals at  3.000002E-03
   490202  3.120E-03 3.120E-03  01:17:48 5.614E-09         893  3.293E-03  2.137E+01
INSTANCE WITH CRITICAL ELEMENT: TOOL-1
Output Field Frame Number     26 of     50 requested intervals at  3.120003E-03
   511677  3.240E-03 3.240E-03  01:21:16 5.621E-09         893  3.318E-03  2.152E+01
INSTANCE WITH CRITICAL ELEMENT: TOOL-1
Output Field Frame Number     27 of     50 requested intervals at  3.240004E-03
   533152  3.360E-03 3.360E-03  01:24:50 5.638E-09         893  3.376E-03  2.168E+01
INSTANCE WITH CRITICAL ELEMENT: TOOL-1
Output Field Frame Number     28 of     50 requested intervals at  3.360005E-03
   554626  3.480E-03 3.480E-03  01:28:20 5.627E-09         893  3.366E-03  2.183E+01
INSTANCE WITH CRITICAL ELEMENT: TOOL-1
Output Field Frame Number     29 of     50 requested intervals at  3.480000E-03
   576101  3.600E-03 3.600E-03  01:31:49 5.629E-09         893  3.387E-03  2.198E+01
INSTANCE WITH CRITICAL ELEMENT: TOOL-1
Output Field Frame Number     30 of     50 requested intervals at  3.600001E-03
   597576  3.720E-03 3.720E-03  01:35:22 5.643E-09         893  3.442E-03  2.214E+01
INSTANCE WITH CRITICAL ELEMENT: TOOL-1
Output Field Frame Number     31 of     50 requested intervals at  3.720002E-03
   619051  3.840E-03 3.840E-03  01:38:50 5.627E-09         893  3.406E-03  2.229E+01
INSTANCE WITH CRITICAL ELEMENT: TOOL-1
Output Field Frame Number     32 of     50 requested intervals at  3.840003E-03
   640526  3.960E-03 3.960E-03  01:42:21 5.652E-09         893  3.501E-03  2.244E+01
INSTANCE WITH CRITICAL ELEMENT: TOOL-1
Output Field Frame Number     33 of     50 requested intervals at  3.960004E-03
   662001  4.080E-03 4.080E-03  01:45:51 5.656E-09         893  3.479E-03  2.260E+01
INSTANCE WITH CRITICAL ELEMENT: TOOL-1
Output Field Frame Number     34 of     50 requested intervals at  4.080005E-03
   683476  4.200E-03 4.200E-03  01:49:20 5.642E-09         893  3.493E-03  2.275E+01
INSTANCE WITH CRITICAL ELEMENT: TOOL-1
Output Field Frame Number     35 of     50 requested intervals at  4.200005E-03
   704950  4.320E-03 4.320E-03  01:52:56 5.682E-09         893  3.551E-03  2.291E+01
INSTANCE WITH CRITICAL ELEMENT: TOOL-1
Output Field Frame Number     36 of     50 requested intervals at  4.320001E-03
   726425  4.440E-03 4.440E-03  01:56:28 5.662E-09         893  3.541E-03  2.306E+01
INSTANCE WITH CRITICAL ELEMENT: TOOL-1
Output Field Frame Number     37 of     50 requested intervals at  4.440002E-03
   747900  4.560E-03 4.560E-03  02:00:04 5.680E-09         893  3.573E-03  2.322E+01
INSTANCE WITH CRITICAL ELEMENT: TOOL-1
Output Field Frame Number     38 of     50 requested intervals at  4.560003E-03
   769375  4.680E-03 4.680E-03  02:03:37 5.689E-09         893  3.604E-03  2.337E+01
INSTANCE WITH CRITICAL ELEMENT: TOOL-1
Output Field Frame Number     39 of     50 requested intervals at  4.680004E-03

 STEP 1  ORIGIN 0.0000

              STEP     TOTAL      WALL      STABLE    CRITICAL    KINETIC      TOTAL
INCREMENT     TIME      TIME      TIME   INCREMENT     ELEMENT     ENERGY     ENERGY
   790850  4.800E-03 4.800E-03  02:07:12 5.664E-09         893  3.620E-03  2.353E+01
INSTANCE WITH CRITICAL ELEMENT: TOOL-1
Output Field Frame Number     40 of     50 requested intervals at  4.800004E-03
   812325  4.920E-03 4.920E-03  02:10:49 5.703E-09         893  3.655E-03  2.368E+01
INSTANCE WITH CRITICAL ELEMENT: TOOL-1
Output Field Frame Number     41 of     50 requested intervals at  4.920005E-03
   833799  5.040E-03 5.040E-03  02:14:26 5.681E-09         893  3.661E-03  2.384E+01
INSTANCE WITH CRITICAL ELEMENT: TOOL-1
Output Field Frame Number     42 of     50 requested intervals at  5.040001E-03
   855274  5.160E-03 5.160E-03  02:18:04 5.694E-09         893  3.701E-03  2.399E+01
INSTANCE WITH CRITICAL ELEMENT: TOOL-1
Output Field Frame Number     43 of     50 requested intervals at  5.160002E-03
   876749  5.280E-03 5.280E-03  02:21:41 5.707E-09         893  3.720E-03  2.415E+01
INSTANCE WITH CRITICAL ELEMENT: TOOL-1
Output Field Frame Number     44 of     50 requested intervals at  5.280002E-03
   898224  5.400E-03 5.400E-03  02:25:19 5.679E-09         893  3.742E-03  2.430E+01
INSTANCE WITH CRITICAL ELEMENT: TOOL-1
Output Field Frame Number     45 of     50 requested intervals at  5.400003E-03
   919699  5.520E-03 5.520E-03  02:29:01 5.720E-09         893  3.772E-03  2.446E+01
INSTANCE WITH CRITICAL ELEMENT: TOOL-1
Output Field Frame Number     46 of     50 requested intervals at  5.520004E-03
   941174  5.640E-03 5.640E-03  02:32:39 5.698E-09         893  3.783E-03  2.461E+01
INSTANCE WITH CRITICAL ELEMENT: TOOL-1
Output Field Frame Number     47 of     50 requested intervals at  5.640005E-03
   962648  5.760E-03 5.760E-03  02:36:18 5.710E-09         893  3.821E-03  2.477E+01
INSTANCE WITH CRITICAL ELEMENT: TOOL-1
Output Field Frame Number     48 of     50 requested intervals at  5.760001E-03
   984123  5.880E-03 5.880E-03  02:39:56 5.534E-09         893  3.836E-03  2.492E+01
INSTANCE WITH CRITICAL ELEMENT: TOOL-1
Output Field Frame Number     49 of     50 requested intervals at  5.880001E-03
  1005598  6.000E-03 6.000E-03  02:43:34 5.507E-09         893  3.847E-03  2.507E+01
INSTANCE WITH CRITICAL ELEMENT: TOOL-1
Restart Number  1 at 6.00000E-03
Output Field Frame Number     50 of     50 requested intervals at  6.000000E-03
  EXPLICIT EXECUTABLE TIME SUMMARY
       USER TIME (SEC)      =   4626.0
       SYSTEM TIME (SEC)    =   241.90
       WALLCLOCK TIME (SEC) =         9817
              INIT (SEC) =         11
              MAIN (SEC) =       9806

  THE ANALYSIS HAS COMPLETED SUCCESSFULLY

